TN:
SF:handlers\commandHandlers.js
FN:4,handleStart
FN:19,handleFeedback
FN:27,(anonymous_2)
FNF:3
FNH:3
FNDA:1,handleStart
FNDA:5,handleFeedback
FNDA:5,(anonymous_2)
DA:1,1
DA:2,1
DA:5,1
DA:6,1
DA:20,5
DA:22,5
DA:27,5
DA:28,5
DA:29,2
DA:34,2
DA:39,3
DA:44,1
LF:12
LH:12
BRDA:28,0,0,2
BRDA:28,0,1,3
BRDA:36,1,0,2
BRDA:36,1,1,1
BRF:4
BRH:4
end_of_record
TN:
SF:handlers\taskHandlers.js
FN:5,showMainMenu
FN:11,sendFeedbackMessage
FN:18,sendCommandsList
FN:28,handleAddTask
FN:38,handleTask
FN:59,handleViewTasks
FN:68,(anonymous_6)
FN:79,handleDeleteTask
FN:89,handleMarkDone
FNF:9
FNH:8
FNDA:1,showMainMenu
FNDA:2,sendFeedbackMessage
FNDA:2,sendCommandsList
FNDA:4,handleAddTask
FNDA:5,handleTask
FNDA:1,handleViewTasks
FNDA:0,(anonymous_6)
FNDA:4,handleDeleteTask
FNDA:4,handleMarkDone
DA:1,1
DA:2,1
DA:3,1
DA:6,1
DA:12,2
DA:19,2
DA:25,2
DA:29,4
DA:34,4
DA:38,4
DA:39,5
DA:40,1
DA:41,1
DA:42,1
DA:45,4
DA:46,3
DA:47,3
DA:48,3
DA:52,3
DA:54,1
DA:60,1
DA:61,1
DA:62,1
DA:65,0
DA:66,0
DA:68,0
DA:72,0
DA:80,4
DA:81,4
DA:82,2
DA:83,2
DA:85,2
DA:90,4
DA:91,4
DA:92,2
DA:93,2
DA:98,2
DA:102,1
LF:38
LH:34
BRDA:39,0,0,1
BRDA:39,0,1,4
BRDA:45,1,0,3
BRDA:45,1,1,1
BRDA:46,2,0,3
BRDA:46,2,1,2
BRDA:60,3,0,1
BRDA:60,3,1,0
BRDA:60,4,0,1
BRDA:60,4,1,1
BRDA:68,5,0,0
BRDA:68,5,1,0
BRDA:81,6,0,2
BRDA:81,6,1,2
BRDA:81,7,0,4
BRDA:81,7,1,2
BRDA:91,8,0,2
BRDA:91,8,1,2
BRDA:91,9,0,4
BRDA:91,9,1,3
BRF:20
BRH:17
end_of_record
