TN:
SF:handlers\commandHandlers.js
FN:4,handleStart
FN:19,handleFeedback
FN:27,(anonymous_2)
FNF:3
FNH:3
FNDA:2,handleStart
FNDA:5,handleFeedback
FNDA:5,(anonymous_2)
DA:1,2
DA:2,2
DA:5,2
DA:6,2
DA:20,5
DA:22,5
DA:27,5
DA:28,5
DA:29,2
DA:34,2
DA:39,3
DA:44,2
LF:12
LH:12
BRDA:28,0,0,2
BRDA:28,0,1,3
BRDA:36,1,0,2
BRDA:36,1,1,1
BRF:4
BRH:4
end_of_record
TN:
SF:handlers\taskHandlers.js
FN:5,showMainMenu
FN:11,sendFeedbackMessage
FN:18,sendCommandsList
FN:28,handleAddTask
FN:38,handleTask
FN:59,handleViewTasks
FN:68,(anonymous_6)
FN:79,handleDeleteTask
FN:89,handleMarkDone
FNF:9
FNH:9
FNDA:1,showMainMenu
FNDA:2,sendFeedbackMessage
FNDA:2,sendCommandsList
FNDA:4,handleAddTask
FNDA:5,handleTask
FNDA:2,handleViewTasks
FNDA:2,(anonymous_6)
FNDA:4,handleDeleteTask
FNDA:4,handleMarkDone
DA:1,2
DA:2,2
DA:3,2
DA:6,1
DA:12,2
DA:19,2
DA:25,2
DA:29,4
DA:34,4
DA:38,4
DA:39,5
DA:40,1
DA:41,1
DA:42,1
DA:45,4
DA:46,3
DA:47,3
DA:48,3
DA:52,3
DA:54,1
DA:60,2
DA:61,1
DA:62,1
DA:65,1
DA:66,1
DA:68,2
DA:72,1
DA:80,4
DA:81,4
DA:82,2
DA:83,2
DA:85,2
DA:90,4
DA:91,4
DA:92,2
DA:93,2
DA:98,2
DA:102,2
LF:38
LH:38
BRDA:39,0,0,1
BRDA:39,0,1,4
BRDA:45,1,0,3
BRDA:45,1,1,1
BRDA:46,2,0,3
BRDA:46,2,1,2
BRDA:60,3,0,1
BRDA:60,3,1,1
BRDA:60,4,0,2
BRDA:60,4,1,2
BRDA:68,5,0,1
BRDA:68,5,1,1
BRDA:81,6,0,2
BRDA:81,6,1,2
BRDA:81,7,0,4
BRDA:81,7,1,2
BRDA:91,8,0,2
BRDA:91,8,1,2
BRDA:91,9,0,4
BRDA:91,9,1,3
BRF:20
BRH:20
end_of_record
TN:
SF:keyboards\keyboards.js
FNF:0
FNH:0
DA:1,2
DA:13,2
DA:20,2
LF:3
LH:3
BRF:0
BRH:0
end_of_record
TN:
SF:services\autoCleanup.js
FN:3,autoDeleteOldTasks
FN:21,(anonymous_1)
FNF:2
FNH:2
FNDA:4,autoDeleteOldTasks
FNDA:8,(anonymous_1)
DA:1,1
DA:4,4
DA:6,4
DA:7,6
DA:8,6
DA:10,6
DA:11,0
DA:15,0
DA:19,4
DA:20,8
DA:21,8
DA:22,8
DA:24,8
DA:25,0
DA:29,0
DA:31,8
DA:37,1
LF:17
LH:13
BRDA:10,0,0,0
BRDA:10,0,1,6
BRDA:20,1,0,8
BRDA:20,1,1,0
BRDA:24,2,0,0
BRDA:24,2,1,8
BRF:6
BRH:3
end_of_record
TN:
SF:services\report.js
FN:3,weeklyReport
FN:11,(anonymous_1)
FN:25,scheduleWeeklyReport
FN:34,(anonymous_3)
FNF:4
FNH:1
FNDA:0,weeklyReport
FNDA:0,(anonymous_1)
FNDA:1,scheduleWeeklyReport
FNDA:0,(anonymous_3)
DA:1,1
DA:4,0
DA:5,0
DA:6,0
DA:8,0
DA:9,0
DA:10,0
DA:11,0
DA:15,0
DA:20,0
DA:21,0
DA:26,1
DA:27,1
DA:29,1
DA:30,1
DA:32,1
DA:34,1
DA:35,0
DA:36,0
DA:40,1
LF:20
LH:8
BRDA:9,0,0,0
BRDA:9,0,1,0
BRF:2
BRH:0
end_of_record
TN:
SF:services\schedule.js
FN:3,checkScheduledTasks
FN:6,(anonymous_1)
FN:22,scheduleTask
FN:28,handleTask
FN:64,viewScheduledTasks
FN:70,(anonymous_5)
FNF:6
FNH:6
FNDA:5,checkScheduledTasks
FNDA:4,(anonymous_1)
FNDA:5,scheduleTask
FNDA:4,handleTask
FNDA:4,viewScheduledTasks
FNDA:5,(anonymous_5)
DA:1,2
DA:4,5
DA:6,5
DA:7,4
DA:9,4
DA:16,2
DA:17,2
DA:23,5
DA:28,5
DA:29,4
DA:30,1
DA:31,1
DA:34,3
DA:35,3
DA:37,3
DA:38,1
DA:39,1
DA:42,2
DA:43,2
DA:44,2
DA:46,2
DA:47,0
DA:48,0
DA:51,2
DA:57,2
DA:65,4
DA:66,1
DA:68,3
DA:71,5
DA:75,3
DA:82,2
LF:31
LH:29
BRDA:9,0,0,2
BRDA:9,0,1,2
BRDA:10,1,0,4
BRDA:10,1,1,3
BRDA:10,1,2,3
BRDA:10,1,3,2
BRDA:10,1,4,2
BRDA:29,2,0,1
BRDA:29,2,1,3
BRDA:37,3,0,1
BRDA:37,3,1,2
BRDA:46,4,0,0
BRDA:46,4,1,2
BRDA:65,5,0,1
BRDA:65,5,1,3
BRF:15
BRH:14
end_of_record
TN:
SF:services\taskManager.js
FN:3,delTask
FN:15,doneTask
FNF:2
FNH:2
FNDA:4,delTask
FNDA:4,doneTask
DA:1,2
DA:4,4
DA:5,2
DA:6,2
DA:11,2
DA:16,4
DA:17,2
DA:18,2
DA:19,2
DA:24,2
DA:28,2
LF:11
LH:11
BRDA:4,0,0,2
BRDA:4,0,1,2
BRDA:4,1,0,4
BRDA:4,1,1,3
BRDA:16,2,0,2
BRDA:16,2,1,2
BRDA:16,3,0,4
BRDA:16,3,1,3
BRF:8
BRH:8
end_of_record
TN:
SF:utils\utils.js
FN:1,getTodayFormatted
FNF:1
FNH:1
FNDA:2,getTodayFormatted
DA:2,2
DA:3,2
DA:12,2
DA:13,2
DA:14,2
DA:15,2
DA:16,2
DA:19,2
LF:8
LH:8
BRF:0
BRH:0
end_of_record
